2026-06-28 19:16:11,404 ERROR:Student not found
Traceback (most recent call last):
  File "C:\Users\Alvin Brandon\OneDrive\Desktop\alvin's programs\ecommerce-system\student_management.py", line 54, in search
    if not found: raise StudentNotFoundError("Student not found")
                  ^^^^^^^^^^^^^^^^^^^^^^^^^^^^^^^^^^^^^^^^^^^^^^^
StudentNotFoundError: Student not found
2026-06-28 19:21:13,357 ERROR:Student not found
Traceback (most recent call last):
  File "C:\Users\Alvin Brandon\OneDrive\Desktop\alvin's programs\ecommerce-system\student_management.py", line 56, in search
    if not found: raise StudentNotFoundError("Student not found")
                  ^^^^^^^^^^^^^^^^^^^^^^^^^^^^^^^^^^^^^^^^^^^^^^^
StudentNotFoundError: Student not found
2026-06-28 19:22:45,941 ERROR:Student not found
Traceback (most recent call last):
  File "C:\Users\Alvin Brandon\OneDrive\Desktop\alvin's programs\ecommerce-system\student_management.py", line 56, in search
    if not found: raise StudentNotFoundError("Student not found")
                  ^^^^^^^^^^^^^^^^^^^^^^^^^^^^^^^^^^^^^^^^^^^^^^^
StudentNotFoundError: Student not found
2026-06-28 19:25:26,746 ERROR:Student not found
Traceback (most recent call last):
  File "C:\Users\Alvin Brandon\OneDrive\Desktop\alvin's programs\ecommerce-system\student_management.py", line 59, in search
    if not found: raise StudentNotFoundError("Student not found")
                  ^^^^^^^^^^^^^^^^^^^^^^^^^^^^^^^^^^^^^^^^^^^^^^^
StudentNotFoundError: Student not found
2026-06-28 19:26:59,339 ERROR:Student not found
Traceback (most recent call last):
  File "C:\Users\Alvin Brandon\OneDrive\Desktop\alvin's programs\ecommerce-system\student_management.py", line 59, in search
    if not found: raise StudentNotFoundError("Student not found")
                  ^^^^^^^^^^^^^^^^^^^^^^^^^^^^^^^^^^^^^^^^^^^^^^^
StudentNotFoundError: Student not found
